10:25:00.363 INFO [GridLauncherV3.parse] - Selenium server version: 3.141.59, revision: e82be7d358
10:25:00.484 INFO [GridLauncherV3.lambda$buildLaunchers$3] - Launching a standalone Selenium Server on port 4444
2020-05-03 10:25:00.588:INFO::main: Logging initialized @626ms to org.seleniumhq.jetty9.util.log.StdErrLog
10:25:00.945 INFO [WebDriverServlet.<init>] - Initialising WebDriverServlet
10:25:01.089 INFO [SeleniumServer.boot] - Selenium Server is up and running on port 4444
10:25:01.461 INFO [ActiveSessionFactory.apply] - Capabilities are: {
  "acceptSslCerts": true,
  "browserName": "chrome",
  "javascriptEnabled": true,
  "name": "App Test"
}
10:25:01.461 INFO [ActiveSessionFactory.apply] - Capabilities are: {
  "acceptInsecureCerts": true,
  "acceptSslCerts": true,
  "browserName": "firefox",
  "javascriptEnabled": true,
  "name": "App Test"
}
10:25:01.461 INFO [ActiveSessionFactory.apply] - Capabilities are: {
  "acceptSslCerts": true,
  "browserName": "safari",
  "javascriptEnabled": true,
  "name": "App Test"
}
10:25:01.462 INFO [ActiveSessionFactory.lambda$apply$11] - Matched factory org.openqa.selenium.grid.session.remote.ServicedSession$Factory (provider: org.openqa.selenium.chrome.ChromeDriverService)
10:25:01.462 INFO [ActiveSessionFactory.lambda$apply$11] - Matched factory org.openqa.selenium.grid.session.remote.ServicedSession$Factory (provider: org.openqa.selenium.firefox.GeckoDriverService)
10:25:01.462 INFO [ActiveSessionFactory.lambda$apply$11] - Matched factory org.openqa.selenium.grid.session.remote.ServicedSession$Factory (provider: org.openqa.selenium.safari.SafariDriverService)
Starting ChromeDriver 81.0.4044.69 (6813546031a4bc83f717a2ef7cd4ac6ec1199132-refs/branch-heads/4044@{#776}) on port 20382
Only local connections are allowed.
Please protect ports used by ChromeDriver and related test frameworks to prevent access by malicious code.
[1588523101.535][WARNING]: FromSockAddr failed on netmask
[1588523101.536][WARNING]: FromSockAddr failed on netmask
objc[14679]: Class AMSupportURLConnectionDelegate is implemented in both /System/Library/PrivateFrameworks/OSPersonalization.framework/Versions/A/OSPersonalization (0x7fff97683b68) and /System/Library/PrivateFrameworks/MobileDevice.framework/Versions/A/MobileDevice (0x10a573228). One of the two will be used. Which one is undefined.
objc[14679]: Class AMSupportURLSession is implemented in both /System/Library/PrivateFrameworks/OSPersonalization.framework/Versions/A/OSPersonalization (0x7fff97683bb8) and /System/Library/PrivateFrameworks/MobileDevice.framework/Versions/A/MobileDevice (0x10a573278). One of the two will be used. Which one is undefined.
1588523101999	mozrunner::runner	INFO	Running command: "/Applications/Firefox.app/Contents/MacOS/firefox-bin" "-marionette" "-foreground" "-no-remote" "-profile" "/var/folders/4l/5bb4gfc116564g73ymdmrwyr0000gn/T/rust_mozprofileOez9pK"
1588523102553	addons.webextension.doh-rollout@mozilla.org	WARN	Loading extension 'doh-rollout@mozilla.org': Reading manifest: Invalid extension permission: networkStatus
10:25:03.112 INFO [ProtocolHandshake.createSession] - Detected dialect: W3C
1588523103117	addons.webextension.screenshots@mozilla.org	WARN	Loading extension 'screenshots@mozilla.org': Reading manifest: Invalid extension permission: mozillaAddons
1588523103117	addons.webextension.screenshots@mozilla.org	WARN	Loading extension 'screenshots@mozilla.org': Reading manifest: Invalid extension permission: telemetry
1588523103117	addons.webextension.screenshots@mozilla.org	WARN	Loading extension 'screenshots@mozilla.org': Reading manifest: Invalid extension permission: resource://pdf.js/
1588523103117	addons.webextension.screenshots@mozilla.org	WARN	Loading extension 'screenshots@mozilla.org': Reading manifest: Invalid extension permission: about:reader*
10:25:03.167 INFO [RemoteSession$Factory.lambda$performHandshake$0] - Started new session D3559F2D-EA26-4EFC-8ED5-09167A2C8EC3 (org.openqa.selenium.safari.SafariDriverService)
10:25:03.396 INFO [ProtocolHandshake.createSession] - Detected dialect: W3C
10:25:03.401 INFO [RemoteSession$Factory.lambda$performHandshake$0] - Started new session d6765cbf82ff9d20603ca6b580cc0d07 (org.openqa.selenium.chrome.ChromeDriverService)
[1588523104.295][SEVERE]: Timed out receiving message from renderer: 0.100
[1588523104.490][SEVERE]: Timed out receiving message from renderer: 0.100
10:25:04.751 INFO [ActiveSessions$1.onStop] - Removing session D3559F2D-EA26-4EFC-8ED5-09167A2C8EC3 (org.openqa.selenium.safari.SafariDriverService)
10:25:05.581 INFO [ActiveSessions$1.onStop] - Removing session d6765cbf82ff9d20603ca6b580cc0d07 (org.openqa.selenium.chrome.ChromeDriverService)
1588523106158	Marionette	INFO	Listening on port 59745
1588523106198	Marionette	WARN	TLS certificate errors will be ignored for this session
10:25:06.235 INFO [ProtocolHandshake.createSession] - Detected dialect: W3C
10:25:06.238 INFO [RemoteSession$Factory.lambda$performHandshake$0] - Started new session b8d540cb-99a4-c649-a1fe-47df99be2ad8 (org.openqa.selenium.firefox.GeckoDriverService)
1588523107512	Marionette	INFO	Stopped listening on port 59745
10:25:10.209 INFO [ActiveSessions$1.onStop] - Removing session b8d540cb-99a4-c649-a1fe-47df99be2ad8 (org.openqa.selenium.firefox.GeckoDriverService)
